<?xml version="1.0" encoding="UTF-8"?>
<testsuite xmlns:xsi="http://www.w3.org/2001/XMLSchema-instance" xsi:noNamespaceSchemaLocation="https://maven.apache.org/surefire/maven-surefire-plugin/xsd/surefire-test-report-3.0.xsd" version="3.0" name="com.jimureport.enhancement.exception.GlobalExceptionHandlerTest$SaTokenExceptionTests" time="0.033" tests="3" errors="0" skipped="0" failures="0">
  <properties>
[...]
</properties>
  <testcase name="handleNotLogin" classname="com.jimureport.enhancement.exception.GlobalExceptionHandlerTest$SaTokenExceptionTests" time="0.01">
    <system-out><![CDATA[23:00:29.808 [main] WARN com.jimureport.enhancement.exception.GlobalExceptionHandler -- 未登录: test
]]></system-out>
  </testcase>
  <testcase name="handleNotRole" classname="com.jimureport.enhancement.exception.GlobalExceptionHandlerTest$SaTokenExceptionTests" time="0.003">
    <system-out><![CDATA[23:00:29.814 [main] WARN com.jimureport.enhancement.exception.GlobalExceptionHandler -- 缺少角色: 无此角色：admin
]]></system-out>
  </testcase>
  <testcase name="handleNotPermission" classname="com.jimureport.enhancement.exception.GlobalExceptionHandlerTest$SaTokenExceptionTests" time="0.001">
    <system-out><![CDATA[23:00:29.820 [main] WARN com.jimureport.enhancement.exception.GlobalExceptionHandler -- 缺少权限: 无此权限：user:list
]]></system-out>
  </testcase>
</testsuite>